<?xml version="1.0" encoding="UTF-8"?>
<!-- Generated by org.testng.reporters.JUnitXMLReporter -->
<testsuite hostname="LHR16-800213483" ignored="0" name="AddCustomerTest" tests="4" failures="4" timestamp="14 Sep 2018 16:13:37 GMT" time="25.046" errors="0">
  <testcase name="addCustomerTest" time="6.506" classname="com.philips.testcases.AddCustomerTest">
    <failure type="java.lang.IllegalArgumentException" message="Cannot find elements when the selector is null">
      <![CDATA[java.lang.IllegalArgumentException: Cannot find elements when the selector is null
	at org.openqa.selenium.By.cssSelector(By.java:145)
	at com.philips.testcases.AddCustomerTest.addCustomerTest(AddCustomerTest.java:23)
... Removed 25 stack frames]]>
    </failure>
  </testcase> <!-- addCustomerTest -->
  <testcase name="addCustomerTest" time="6.212" classname="com.philips.testcases.AddCustomerTest">
    <failure type="java.lang.IllegalArgumentException" message="Cannot find elements when the selector is null">
      <![CDATA[java.lang.IllegalArgumentException: Cannot find elements when the selector is null
	at org.openqa.selenium.By.cssSelector(By.java:145)
	at com.philips.testcases.AddCustomerTest.addCustomerTest(AddCustomerTest.java:23)
... Removed 25 stack frames]]>
    </failure>
  </testcase> <!-- addCustomerTest -->
  <testcase name="addCustomerTest" time="6.167" classname="com.philips.testcases.AddCustomerTest">
    <failure type="java.lang.IllegalArgumentException" message="Cannot find elements when the selector is null">
      <![CDATA[java.lang.IllegalArgumentException: Cannot find elements when the selector is null
	at org.openqa.selenium.By.cssSelector(By.java:145)
	at com.philips.testcases.AddCustomerTest.addCustomerTest(AddCustomerTest.java:23)
... Removed 25 stack frames]]>
    </failure>
  </testcase> <!-- addCustomerTest -->
  <testcase name="addCustomerTest" time="6.141" classname="com.philips.testcases.AddCustomerTest">
    <failure type="java.lang.IllegalArgumentException" message="Cannot find elements when the selector is null">
      <![CDATA[java.lang.IllegalArgumentException: Cannot find elements when the selector is null
	at org.openqa.selenium.By.cssSelector(By.java:145)
	at com.philips.testcases.AddCustomerTest.addCustomerTest(AddCustomerTest.java:23)
... Removed 25 stack frames]]>
    </failure>
  </testcase> <!-- addCustomerTest -->
</testsuite> <!-- AddCustomerTest -->
