<?xml version="1.0" encoding="UTF-8"?>
<!-- Generated by org.testng.reporters.JUnitXMLReporter -->
<testsuite hostname="LHR16-800213483" ignored="0" name="Test" tests="1" failures="1" timestamp="14 Sep 2018 13:40:54 GMT" time="0.219" errors="0">
  <testcase name="loginAsBankManager" time="0.179" classname="com.philips.testcases.LoginTest">
    <failure type="java.lang.IllegalArgumentException" message="Cannot find elements when the selector is null">
      <![CDATA[java.lang.IllegalArgumentException: Cannot find elements when the selector is null
	at org.openqa.selenium.By.cssSelector(By.java:145)
	at com.philips.testcases.LoginTest.loginAsBankManager(LoginTest.java:17)
... Removed 25 stack frames]]>
    </failure>
  </testcase> <!-- loginAsBankManager -->
</testsuite> <!-- Test -->
