<!DOCTYPE html PUBLIC "-//W3C//DTD XHTML 1.1//EN" "http://www.w3.org/TR/xhtml11/DTD/xhtml11.dtd">
<html xmlns="http://www.w3.org/1999/xhtml"><head><title>TestNG Report</title><style type="text/css">table {margin-bottom:10px;border-collapse:collapse;empty-cells:show}th,td {border:1px solid #009;padding:.25em .5em}th {vertical-align:bottom}td {vertical-align:top}table a {font-weight:bold}.stripe td {background-color: #E6EBF9}.num {text-align:right}.passedodd td {background-color: #3F3}.passedeven td {background-color: #0A0}.skippedodd td {background-color: #DDD}.skippedeven td {background-color: #CCC}.failedodd td,.attn {background-color: #F33}.failedeven td,.stripe .attn {background-color: #D00}.stacktrace {white-space:pre;font-family:monospace}.totop {font-size:85%;text-align:center;border-bottom:2px solid #000}</style></head><body><table><tr><th>Test</th><th># Passed</th><th># Skipped</th><th># Failed</th><th>Time (ms)</th><th>Included Groups</th><th>Excluded Groups</th></tr><tr><th colspan="7">Suite</th></tr><tr><td><a href="#t0">LoginTest</a></td><td class="num">1</td><td class="num">0</td><td class="num">0</td><td class="num">3,723</td><td></td><td></td></tr><tr class="stripe"><td><a href="#t1">Add Customer Test</a></td><td class="num">2</td><td class="num attn">2</td><td class="num">0</td><td class="num">27,700</td><td></td><td></td></tr><tr><td><a href="#t2">Open Account Test</a></td><td class="num">0</td><td class="num attn">1</td><td class="num">0</td><td class="num">54</td><td></td><td></td></tr><tr><th>Total</th><th class="num">3</th><th class="num attn">3</th><th class="num">0</th><th class="num">31,477</th><th colspan="2"></th></tr></table><table id='summary'><thead><tr><th>Class</th><th>Method</th><th>Start</th><th>Time (ms)</th></tr></thead><tbody><tr><th colspan="4">Suite</th></tr></tbody><tbody id="t0"><tr><th colspan="4">LoginTest &#8212; passed</th></tr><tr class="passedeven"><td rowspan="1">com.philips.testcases.LoginTest</td><td><a href="#m0">loginAsBankManager</a></td><td rowspan="1">1537372172430</td><td rowspan="1">3495</td></tr></tbody><tbody id="t1"><tr><th colspan="4">Add Customer Test &#8212; skipped</th></tr><tr class="skippedeven"><td rowspan="2">com.philips.testcases.AddCustomerTest</td><td><a href="#m1">addCustomerTest</a></td><td rowspan="2">1537372203813</td><td rowspan="2">0</td></tr><tr class="skippedeven"><td><a href="#m2">addCustomerTest</a></td></tr><tr><th colspan="4">Add Customer Test &#8212; passed</th></tr><tr class="passedeven"><td rowspan="2">com.philips.testcases.AddCustomerTest</td><td><a href="#m3">addCustomerTest</a></td><td rowspan="2">1537372190151</td><td rowspan="2">13551</td></tr><tr class="passedeven"><td><a href="#m4">addCustomerTest</a></td></tr></tbody><tbody id="t2"><tr><th colspan="4">Open Account Test &#8212; skipped</th></tr><tr class="skippedeven"><td rowspan="1">com.philips.testcases.OpenAccountTest</td><td><a href="#m5">openAccountTest</a></td><td rowspan="1">1537372203865</td><td rowspan="1">0</td></tr></tbody></table><h2>LoginTest</h2><h3 id="m0">com.philips.testcases.LoginTest#loginAsBankManager</h3><table class="result"><tr><th>Messages</th></tr><tr><td><div class="messages"><br>Verification failure : expected [hhh] but found [kjjk]<br><br/><a target="_blank" href=Wed_Sep_19_16_49_32_BST_2018.jpg><img src=Wed_Sep_19_16_49_32_BST_2018.jpg height=200 width=200></img></a><br/><br><br/><br></div></td></tr></table><p class="totop"><a href="#summary">back to summary</a></p><h2>Add Customer Test</h2><h3 id="m1">com.philips.testcases.AddCustomerTest#addCustomerTest</h3><table class="result"><tr class="param"><th>Parameter #1</th></tr><tr class="param stripe"><td>{postcode=afdfsdfrefd, Runmode=N, lastname=shetty4, firstname=manjula4, alert=Customer added successfully}</td></tr><tr><th>Exception</th></tr><tr><td><div class="stacktrace">org.testng.SkipException: skipping the test case with parameter is set to N
	at com.philips.testcases.AddCustomerTest.addCustomerTest(AddCustomerTest.java:30)
... Removed 28 stack frames</div></td></tr></table><p class="totop"><a href="#summary">back to summary</a></p><h3 id="m2">com.philips.testcases.AddCustomerTest#addCustomerTest</h3><table class="result"><tr class="param"><th>Parameter #1</th></tr><tr class="param stripe"><td>{postcode=afdfsdfrefd, Runmode=N, lastname=shetty3, firstname=manjula3, alert=Customer added successfully}</td></tr><tr><th>Exception</th></tr><tr><td><div class="stacktrace">org.testng.SkipException: skipping the test case with parameter is set to N
	at com.philips.testcases.AddCustomerTest.addCustomerTest(AddCustomerTest.java:30)
... Removed 28 stack frames</div></td></tr></table><p class="totop"><a href="#summary">back to summary</a></p><h3 id="m3">com.philips.testcases.AddCustomerTest#addCustomerTest</h3><table class="result"><tr class="param"><th>Parameter #1</th></tr><tr class="param stripe"><td>{postcode=afdfsdfrefd, Runmode=Y, lastname=shetty2, firstname=manjula2, alert=Customer added successfully}</td></tr></table><p class="totop"><a href="#summary">back to summary</a></p><h3 id="m4">com.philips.testcases.AddCustomerTest#addCustomerTest</h3><table class="result"><tr class="param"><th>Parameter #1</th></tr><tr class="param stripe"><td>{postcode=afdfsdfrefd, Runmode=Y, lastname=shetty1, firstname=manjula1, alert=Customer added successfully}</td></tr></table><p class="totop"><a href="#summary">back to summary</a></p><h2>Open Account Test</h2><h3 id="m5">com.philips.testcases.OpenAccountTest#openAccountTest</h3><table class="result"><tr class="param"><th>Parameter #1</th></tr><tr class="param stripe"><td>{currency=Rupee, Runmode=Y, customer=Harry Potter}</td></tr><tr><th>Exception</th></tr><tr><td><div class="stacktrace">org.testng.SkipException: Skipping the test as the run mode is NOPENACCOUNTTEST
	at com.philips.testcases.OpenAccountTest.openAccountTest(OpenAccountTest.java:25)
... Removed 28 stack frames</div></td></tr></table><p class="totop"><a href="#summary">back to summary</a></p></body></html>