<?xml version="1.0" encoding="UTF-8"?>
<testng-results skipped="3" failed="0" ignored="0" total="6" passed="3">
  <reporter-output>
    <line>
      <![CDATA[<br>Verification failure : expected [hhh] but found [kjjk]<br>]]>
    </line>
    <line>
      <![CDATA[<a target="_blank" href=Wed_Sep_19_16_49_32_BST_2018.jpg><img src=Wed_Sep_19_16_49_32_BST_2018.jpg height=200 width=200></img></a>]]>
    </line>
    <line>
      <![CDATA[<br>]]>
    </line>
    <line>
      <![CDATA[<br>]]>
    </line>
  </reporter-output>
  <suite name="Suite" duration-ms="31501" started-at="2018-09-19T15:49:32Z" finished-at="2018-09-19T15:50:03Z">
    <groups>
    </groups>
    <test name="LoginTest" duration-ms="3723" started-at="2018-09-19T15:49:32Z" finished-at="2018-09-19T15:49:36Z">
      <class name="com.philips.testcases.LoginTest">
        <test-method status="PASS" signature="loginAsBankManager()[pri:0, instance:com.philips.testcases.LoginTest@78123e82]" name="loginAsBankManager" duration-ms="3495" started-at="2018-09-19T16:49:32Z" finished-at="2018-09-19T16:49:35Z">
          <reporter-output>
            <line>
              <![CDATA[<br>Verification failure : expected [hhh] but found [kjjk]<br>]]>
            </line>
            <line>
              <![CDATA[<a target="_blank" href=Wed_Sep_19_16_49_32_BST_2018.jpg><img src=Wed_Sep_19_16_49_32_BST_2018.jpg height=200 width=200></img></a>]]>
            </line>
            <line>
              <![CDATA[<br>]]>
            </line>
            <line>
              <![CDATA[<br>]]>
            </line>
          </reporter-output>
        </test-method> <!-- loginAsBankManager -->
      </class> <!-- com.philips.testcases.LoginTest -->
    </test> <!-- LoginTest -->
    <test name="Add Customer Test" duration-ms="27700" started-at="2018-09-19T15:49:36Z" finished-at="2018-09-19T15:50:03Z">
      <class name="com.philips.testcases.AddCustomerTest">
        <test-method status="PASS" signature="addCustomerTest(java.util.Hashtable)[pri:0, instance:com.philips.testcases.AddCustomerTest@7205765b]" name="addCustomerTest" duration-ms="13942" started-at="2018-09-19T16:49:36Z" data-provider="dp" finished-at="2018-09-19T16:49:50Z">
          <params>
            <param index="0">
              <value>
                <![CDATA[{postcode=afdfsdfrefd, Runmode=Y, lastname=shetty1, firstname=manjula1, alert=Customer added successfully}]]>
              </value>
            </param>
          </params>
          <reporter-output>
          </reporter-output>
        </test-method> <!-- addCustomerTest -->
        <test-method status="PASS" signature="addCustomerTest(java.util.Hashtable)[pri:0, instance:com.philips.testcases.AddCustomerTest@7205765b]" name="addCustomerTest" duration-ms="13551" started-at="2018-09-19T16:49:50Z" data-provider="dp" finished-at="2018-09-19T16:50:03Z">
          <params>
            <param index="0">
              <value>
                <![CDATA[{postcode=afdfsdfrefd, Runmode=Y, lastname=shetty2, firstname=manjula2, alert=Customer added successfully}]]>
              </value>
            </param>
          </params>
          <reporter-output>
          </reporter-output>
        </test-method> <!-- addCustomerTest -->
        <test-method status="SKIP" signature="addCustomerTest(java.util.Hashtable)[pri:0, instance:com.philips.testcases.AddCustomerTest@7205765b]" name="addCustomerTest" duration-ms="4" started-at="2018-09-19T16:50:03Z" data-provider="dp" finished-at="2018-09-19T16:50:03Z">
          <params>
            <param index="0">
              <value>
                <![CDATA[{postcode=afdfsdfrefd, Runmode=N, lastname=shetty3, firstname=manjula3, alert=Customer added successfully}]]>
              </value>
            </param>
          </params>
          <exception class="org.testng.SkipException">
            <message>
              <![CDATA[skipping the test case with parameter is set to N]]>
            </message>
            <full-stacktrace>
              <![CDATA[org.testng.SkipException: skipping the test case with parameter is set to N
	at com.philips.testcases.AddCustomerTest.addCustomerTest(AddCustomerTest.java:30)
	at sun.reflect.NativeMethodAccessorImpl.invoke0(Native Method)
	at sun.reflect.NativeMethodAccessorImpl.invoke(NativeMethodAccessorImpl.java:62)
	at sun.reflect.DelegatingMethodAccessorImpl.invoke(DelegatingMethodAccessorImpl.java:43)
	at java.lang.reflect.Method.invoke(Method.java:498)
	at org.testng.internal.MethodInvocationHelper.invokeMethod(MethodInvocationHelper.java:108)
	at org.testng.internal.Invoker.invokeMethod(Invoker.java:661)
	at org.testng.internal.Invoker.invokeTestMethod(Invoker.java:869)
	at org.testng.internal.Invoker.invokeTestMethods(Invoker.java:1193)
	at org.testng.internal.TestMethodWorker.invokeTestMethods(TestMethodWorker.java:126)
	at org.testng.internal.TestMethodWorker.run(TestMethodWorker.java:109)
	at org.testng.TestRunner.privateRun(TestRunner.java:744)
	at org.testng.TestRunner.run(TestRunner.java:602)
	at org.testng.SuiteRunner.runTest(SuiteRunner.java:380)
	at org.testng.SuiteRunner.runSequentially(SuiteRunner.java:375)
	at org.testng.SuiteRunner.privateRun(SuiteRunner.java:340)
	at org.testng.SuiteRunner.run(SuiteRunner.java:289)
	at org.testng.SuiteRunnerWorker.runSuite(SuiteRunnerWorker.java:52)
	at org.testng.SuiteRunnerWorker.run(SuiteRunnerWorker.java:86)
	at org.testng.TestNG.runSuitesSequentially(TestNG.java:1301)
	at org.testng.TestNG.runSuitesLocally(TestNG.java:1226)
	at org.testng.TestNG.runSuites(TestNG.java:1144)
	at org.testng.TestNG.run(TestNG.java:1115)
	at org.apache.maven.surefire.testng.TestNGExecutor.run(TestNGExecutor.java:295)
	at org.apache.maven.surefire.testng.TestNGXmlTestSuite.execute(TestNGXmlTestSuite.java:84)
	at org.apache.maven.surefire.testng.TestNGProvider.invoke(TestNGProvider.java:90)
	at org.apache.maven.surefire.booter.ForkedBooter.invokeProviderInSameClassLoader(ForkedBooter.java:203)
	at org.apache.maven.surefire.booter.ForkedBooter.runSuitesInProcess(ForkedBooter.java:155)
	at org.apache.maven.surefire.booter.ForkedBooter.main(ForkedBooter.java:103)
]]>
            </full-stacktrace>
          </exception> <!-- org.testng.SkipException -->
          <reporter-output>
          </reporter-output>
        </test-method> <!-- addCustomerTest -->
        <test-method status="SKIP" signature="addCustomerTest(java.util.Hashtable)[pri:0, instance:com.philips.testcases.AddCustomerTest@7205765b]" name="addCustomerTest" duration-ms="0" started-at="2018-09-19T16:50:03Z" data-provider="dp" finished-at="2018-09-19T16:50:03Z">
          <params>
            <param index="0">
              <value>
                <![CDATA[{postcode=afdfsdfrefd, Runmode=N, lastname=shetty4, firstname=manjula4, alert=Customer added successfully}]]>
              </value>
            </param>
          </params>
          <exception class="org.testng.SkipException">
            <message>
              <![CDATA[skipping the test case with parameter is set to N]]>
            </message>
            <full-stacktrace>
              <![CDATA[org.testng.SkipException: skipping the test case with parameter is set to N
	at com.philips.testcases.AddCustomerTest.addCustomerTest(AddCustomerTest.java:30)
	at sun.reflect.NativeMethodAccessorImpl.invoke0(Native Method)
	at sun.reflect.NativeMethodAccessorImpl.invoke(NativeMethodAccessorImpl.java:62)
	at sun.reflect.DelegatingMethodAccessorImpl.invoke(DelegatingMethodAccessorImpl.java:43)
	at java.lang.reflect.Method.invoke(Method.java:498)
	at org.testng.internal.MethodInvocationHelper.invokeMethod(MethodInvocationHelper.java:108)
	at org.testng.internal.Invoker.invokeMethod(Invoker.java:661)
	at org.testng.internal.Invoker.invokeTestMethod(Invoker.java:869)
	at org.testng.internal.Invoker.invokeTestMethods(Invoker.java:1193)
	at org.testng.internal.TestMethodWorker.invokeTestMethods(TestMethodWorker.java:126)
	at org.testng.internal.TestMethodWorker.run(TestMethodWorker.java:109)
	at org.testng.TestRunner.privateRun(TestRunner.java:744)
	at org.testng.TestRunner.run(TestRunner.java:602)
	at org.testng.SuiteRunner.runTest(SuiteRunner.java:380)
	at org.testng.SuiteRunner.runSequentially(SuiteRunner.java:375)
	at org.testng.SuiteRunner.privateRun(SuiteRunner.java:340)
	at org.testng.SuiteRunner.run(SuiteRunner.java:289)
	at org.testng.SuiteRunnerWorker.runSuite(SuiteRunnerWorker.java:52)
	at org.testng.SuiteRunnerWorker.run(SuiteRunnerWorker.java:86)
	at org.testng.TestNG.runSuitesSequentially(TestNG.java:1301)
	at org.testng.TestNG.runSuitesLocally(TestNG.java:1226)
	at org.testng.TestNG.runSuites(TestNG.java:1144)
	at org.testng.TestNG.run(TestNG.java:1115)
	at org.apache.maven.surefire.testng.TestNGExecutor.run(TestNGExecutor.java:295)
	at org.apache.maven.surefire.testng.TestNGXmlTestSuite.execute(TestNGXmlTestSuite.java:84)
	at org.apache.maven.surefire.testng.TestNGProvider.invoke(TestNGProvider.java:90)
	at org.apache.maven.surefire.booter.ForkedBooter.invokeProviderInSameClassLoader(ForkedBooter.java:203)
	at org.apache.maven.surefire.booter.ForkedBooter.runSuitesInProcess(ForkedBooter.java:155)
	at org.apache.maven.surefire.booter.ForkedBooter.main(ForkedBooter.java:103)
]]>
            </full-stacktrace>
          </exception> <!-- org.testng.SkipException -->
          <reporter-output>
          </reporter-output>
        </test-method> <!-- addCustomerTest -->
      </class> <!-- com.philips.testcases.AddCustomerTest -->
    </test> <!-- Add Customer Test -->
    <test name="Open Account Test" duration-ms="54" started-at="2018-09-19T15:50:03Z" finished-at="2018-09-19T15:50:03Z">
      <class name="com.philips.testcases.OpenAccountTest">
        <test-method status="PASS" signature="setUp()[pri:0, instance:com.philips.testcases.OpenAccountTest@1da2cb77]" name="setUp" is-config="true" duration-ms="6723" started-at="2018-09-19T16:49:25Z" finished-at="2018-09-19T16:49:32Z">
          <reporter-output>
          </reporter-output>
        </test-method> <!-- setUp -->
        <test-method status="SKIP" signature="openAccountTest(java.util.Hashtable)[pri:0, instance:com.philips.testcases.OpenAccountTest@1da2cb77]" name="openAccountTest" duration-ms="0" started-at="2018-09-19T16:50:03Z" data-provider="dp" finished-at="2018-09-19T16:50:03Z">
          <params>
            <param index="0">
              <value>
                <![CDATA[{currency=Rupee, Runmode=Y, customer=Harry Potter}]]>
              </value>
            </param>
          </params>
          <exception class="org.testng.SkipException">
            <message>
              <![CDATA[Skipping the test as the run mode is NOPENACCOUNTTEST]]>
            </message>
            <full-stacktrace>
              <![CDATA[org.testng.SkipException: Skipping the test as the run mode is NOPENACCOUNTTEST
	at com.philips.testcases.OpenAccountTest.openAccountTest(OpenAccountTest.java:25)
	at sun.reflect.NativeMethodAccessorImpl.invoke0(Native Method)
	at sun.reflect.NativeMethodAccessorImpl.invoke(NativeMethodAccessorImpl.java:62)
	at sun.reflect.DelegatingMethodAccessorImpl.invoke(DelegatingMethodAccessorImpl.java:43)
	at java.lang.reflect.Method.invoke(Method.java:498)
	at org.testng.internal.MethodInvocationHelper.invokeMethod(MethodInvocationHelper.java:108)
	at org.testng.internal.Invoker.invokeMethod(Invoker.java:661)
	at org.testng.internal.Invoker.invokeTestMethod(Invoker.java:869)
	at org.testng.internal.Invoker.invokeTestMethods(Invoker.java:1193)
	at org.testng.internal.TestMethodWorker.invokeTestMethods(TestMethodWorker.java:126)
	at org.testng.internal.TestMethodWorker.run(TestMethodWorker.java:109)
	at org.testng.TestRunner.privateRun(TestRunner.java:744)
	at org.testng.TestRunner.run(TestRunner.java:602)
	at org.testng.SuiteRunner.runTest(SuiteRunner.java:380)
	at org.testng.SuiteRunner.runSequentially(SuiteRunner.java:375)
	at org.testng.SuiteRunner.privateRun(SuiteRunner.java:340)
	at org.testng.SuiteRunner.run(SuiteRunner.java:289)
	at org.testng.SuiteRunnerWorker.runSuite(SuiteRunnerWorker.java:52)
	at org.testng.SuiteRunnerWorker.run(SuiteRunnerWorker.java:86)
	at org.testng.TestNG.runSuitesSequentially(TestNG.java:1301)
	at org.testng.TestNG.runSuitesLocally(TestNG.java:1226)
	at org.testng.TestNG.runSuites(TestNG.java:1144)
	at org.testng.TestNG.run(TestNG.java:1115)
	at org.apache.maven.surefire.testng.TestNGExecutor.run(TestNGExecutor.java:295)
	at org.apache.maven.surefire.testng.TestNGXmlTestSuite.execute(TestNGXmlTestSuite.java:84)
	at org.apache.maven.surefire.testng.TestNGProvider.invoke(TestNGProvider.java:90)
	at org.apache.maven.surefire.booter.ForkedBooter.invokeProviderInSameClassLoader(ForkedBooter.java:203)
	at org.apache.maven.surefire.booter.ForkedBooter.runSuitesInProcess(ForkedBooter.java:155)
	at org.apache.maven.surefire.booter.ForkedBooter.main(ForkedBooter.java:103)
]]>
            </full-stacktrace>
          </exception> <!-- org.testng.SkipException -->
          <reporter-output>
          </reporter-output>
        </test-method> <!-- openAccountTest -->
        <test-method status="PASS" signature="tearDown()[pri:0, instance:com.philips.testcases.OpenAccountTest@1da2cb77]" name="tearDown" is-config="true" duration-ms="1027" started-at="2018-09-19T16:50:03Z" finished-at="2018-09-19T16:50:04Z">
          <reporter-output>
          </reporter-output>
        </test-method> <!-- tearDown -->
      </class> <!-- com.philips.testcases.OpenAccountTest -->
    </test> <!-- Open Account Test -->
  </suite> <!-- Suite -->
</testng-results>
